SF:lib/models/tables/app.dart
DA:8,0
DA:9,0
DA:10,0
DA:11,0
DA:12,0
DA:13,0
DA:14,0
DA:16,0
DA:17,0
DA:29,1
DA:31,1
DA:40,1
DA:42,1
DA:43,2
DA:44,2
DA:45,2
DA:46,2
DA:47,2
DA:48,2
DA:49,2
DA:50,1
LF:21
LH:12
end_of_record
SF:lib/repositories/database_repository.g.dart
DA:10,3
DA:13,4
DA:14,2
DA:18,4
DA:19,2
DA:23,4
DA:24,2
DA:27,2
DA:30,4
DA:31,2
DA:37,4
DA:38,2
DA:44,4
DA:45,2
DA:49,4
DA:50,2
DA:54,2
DA:56,16
DA:57,2
DA:58,4
DA:59,2
DA:62,1
DA:65,1
DA:66,1
DA:67,1
DA:68,4
DA:70,0
DA:72,1
DA:73,1
DA:74,3
DA:76,0
DA:78,1
DA:79,1
DA:80,3
DA:82,0
DA:84,1
DA:85,1
DA:86,3
DA:88,1
DA:89,1
DA:90,3
DA:92,1
DA:93,1
DA:94,3
DA:96,1
DA:97,1
DA:98,3
DA:103,2
DA:104,2
DA:105,1
DA:107,0
DA:108,1
DA:109,2
DA:110,3
DA:111,2
DA:112,3
DA:113,2
DA:114,3
DA:115,2
DA:116,3
DA:117,2
DA:118,3
DA:119,2
DA:120,3
DA:121,2
DA:122,3
DA:126,0
DA:128,0
DA:141,1
DA:151,0
DA:160,0
DA:161,0
DA:162,0
DA:163,0
DA:173,0
DA:174,0
DA:175,0
DA:176,0
DA:177,0
DA:178,0
DA:179,0
DA:180,0
DA:181,0
DA:185,0
DA:194,0
DA:195,0
DA:196,0
DA:197,0
DA:198,0
DA:199,0
DA:200,0
DA:201,0
DA:202,0
DA:206,1
DA:208,1
DA:209,2
DA:210,4
DA:212,2
DA:213,4
DA:215,2
DA:216,4
DA:218,2
DA:219,4
DA:221,2
DA:222,4
DA:224,2
DA:225,4
DA:227,2
DA:228,4
DA:230,2
DA:231,0
DA:236,0
DA:238,0
DA:239,0
DA:240,0
DA:241,0
DA:242,0
DA:243,0
DA:244,0
DA:245,0
DA:246,0
DA:247,0
DA:248,0
DA:256,3
DA:259,4
DA:260,2
DA:264,4
DA:265,2
DA:269,4
DA:270,2
DA:275,4
DA:276,2
DA:281,4
DA:282,2
DA:284,2
DA:286,12
DA:287,2
DA:288,4
DA:289,2
DA:292,1
DA:295,1
DA:296,1
DA:297,1
DA:298,4
DA:300,0
DA:302,1
DA:303,1
DA:304,3
DA:306,0
DA:308,1
DA:309,1
DA:310,3
DA:312,0
DA:314,1
DA:315,1
DA:316,3
DA:318,0
DA:320,1
DA:321,1
DA:323,2
DA:324,1
DA:326,0
DA:331,2
DA:332,2
DA:333,1
DA:335,0
DA:336,1
DA:337,2
DA:338,3
DA:339,2
DA:340,3
DA:341,2
DA:342,3
DA:343,2
DA:344,3
DA:345,3
DA:346,2
DA:350,0
DA:352,0
DA:363,1
DA:371,0
DA:378,0
DA:379,0
DA:380,0
DA:381,0
DA:382,0
DA:383,0
DA:391,0
DA:392,0
DA:393,0
DA:394,0
DA:395,0
DA:396,0
DA:397,0
DA:401,0
DA:408,0
DA:409,0
DA:410,0
DA:411,0
DA:412,0
DA:413,0
DA:414,0
DA:418,1
DA:420,1
DA:421,2
DA:422,4
DA:424,2
DA:425,4
DA:427,2
DA:428,4
DA:430,2
DA:431,4
DA:433,2
DA:434,4
DA:436,2
DA:437,0
DA:442,0
DA:444,0
DA:445,0
DA:446,0
DA:447,0
DA:448,0
DA:449,0
DA:450,0
DA:451,0
DA:452,0
DA:461,3
DA:464,4
DA:465,2
DA:469,4
DA:470,2
DA:474,4
DA:475,2
DA:479,4
DA:480,2
DA:485,4
DA:486,2
DA:491,4
DA:492,2
DA:497,4
DA:498,2
DA:503,4
DA:504,2
DA:509,4
DA:510,2
DA:515,4
DA:516,2
DA:520,4
DA:521,2
DA:525,4
DA:526,2
DA:531,4
DA:532,2
DA:537,4
DA:538,2
DA:543,4
DA:544,2
DA:547,2
DA:549,2
DA:550,2
DA:551,2
DA:552,2
DA:553,2
DA:554,2
DA:555,2
DA:556,2
DA:557,2
DA:558,2
DA:559,2
DA:560,2
DA:561,2
DA:562,2
DA:563,2
DA:564,2
DA:565,2
DA:567,2
DA:568,4
DA:569,2
DA:572,0
DA:575,0
DA:576,0
DA:577,0
DA:578,0
DA:580,0
DA:582,0
DA:583,0
DA:584,0
DA:586,0
DA:588,0
DA:589,0
DA:590,0
DA:592,0
DA:594,0
DA:595,0
DA:596,0
DA:598,0
DA:600,0
DA:601,0
DA:602,0
DA:604,0
DA:606,0
DA:607,0
DA:609,0
DA:610,0
DA:612,0
DA:614,0
DA:615,0
DA:617,0
DA:618,0
DA:620,0
DA:622,0
DA:623,0
DA:625,0
DA:626,0
DA:628,0
DA:630,0
DA:631,0
DA:633,0
DA:634,0
DA:636,0
DA:638,0
DA:639,0
DA:640,0
DA:642,0
DA:644,0
DA:645,0
DA:646,0
DA:648,0
DA:650,0
DA:651,0
DA:652,0
DA:654,0
DA:656,0
DA:657,0
DA:659,0
DA:660,0
DA:662,0
DA:664,0
DA:665,0
DA:667,0
DA:668,0
DA:670,0
DA:672,0
DA:673,0
DA:675,0
DA:676,0
DA:678,0
DA:683,2
DA:684,2
DA:685,0
DA:687,0
DA:688,0
DA:689,0
DA:690,0
DA:691,0
DA:692,0
DA:693,0
DA:694,0
DA:695,0
DA:696,0
DA:697,0
DA:698,0
DA:699,0
DA:700,0
DA:701,0
DA:702,0
DA:703,0
DA:704,0
DA:705,0
DA:706,0
DA:707,0
DA:708,0
DA:709,0
DA:710,0
DA:711,0
DA:712,0
DA:713,0
DA:714,0
DA:715,0
DA:716,0
DA:720,0
DA:722,0
DA:743,0
DA:761,0
DA:778,0
DA:779,0
DA:780,0
DA:781,0
DA:782,0
DA:783,0
DA:784,0
DA:785,0
DA:786,0
DA:787,0
DA:788,0
DA:789,0
DA:790,0
DA:791,0
DA:792,0
DA:793,0
DA:811,0
DA:812,0
DA:813,0
DA:814,0
DA:815,0
DA:816,0
DA:817,0
DA:818,0
DA:819,0
DA:820,0
DA:821,0
DA:822,0
DA:823,0
DA:824,0
DA:825,0
DA:826,0
DA:827,0
DA:831,0
DA:848,0
DA:849,0
DA:850,0
DA:851,0
DA:852,0
DA:853,0
DA:854,0
DA:855,0
DA:856,0
DA:857,0
DA:858,0
DA:859,0
DA:860,0
DA:861,0
DA:862,0
DA:863,0
DA:864,0
DA:868,0
DA:870,0
DA:871,0
DA:872,0
DA:874,0
DA:875,0
DA:877,0
DA:878,0
DA:880,0
DA:881,0
DA:883,0
DA:884,0
DA:886,0
DA:887,0
DA:889,0
DA:890,0
DA:892,0
DA:893,0
DA:895,0
DA:896,0
DA:898,0
DA:899,0
DA:901,0
DA:902,0
DA:904,0
DA:905,0
DA:907,0
DA:908,0
DA:910,0
DA:911,0
DA:913,0
DA:914,0
DA:916,0
DA:917,0
DA:922,0
DA:924,0
DA:925,0
DA:926,0
DA:927,0
DA:928,0
DA:929,0
DA:930,0
DA:931,0
DA:932,0
DA:933,0
DA:934,0
DA:935,0
DA:936,0
DA:937,0
DA:938,0
DA:939,0
DA:940,0
DA:941,0
DA:942,0
DA:950,3
DA:953,4
DA:954,2
DA:959,4
DA:960,2
DA:964,4
DA:965,2
DA:969,4
DA:970,2
DA:975,4
DA:976,2
DA:981,4
DA:982,2
DA:987,4
DA:988,2
DA:993,4
DA:994,2
DA:999,4
DA:1000,2
DA:1005,4
DA:1006,2
DA:1010,2
DA:1012,2
DA:1013,2
DA:1014,2
DA:1015,2
DA:1016,2
DA:1017,2
DA:1018,2
DA:1019,2
DA:1020,2
DA:1021,2
DA:1022,2
DA:1023,2
DA:1025,2
DA:1026,4
DA:1027,2
DA:1030,0
DA:1033,0
DA:1034,0
DA:1035,0
DA:1036,0
DA:1038,0
DA:1040,0
DA:1041,0
DA:1043,0
DA:1044,0
DA:1046,0
DA:1048,0
DA:1049,0
DA:1050,0
DA:1052,0
DA:1054,0
DA:1055,0
DA:1056,0
DA:1058,0
DA:1060,0
DA:1061,0
DA:1062,0
DA:1064,0
DA:1066,0
DA:1067,0
DA:1068,0
DA:1070,0
DA:1072,0
DA:1073,0
DA:1074,0
DA:1076,0
DA:1078,0
DA:1079,0
DA:1080,0
DA:1082,0
DA:1084,0
DA:1085,0
DA:1086,0
DA:1088,0
DA:1090,0
DA:1091,0
DA:1092,0
DA:1097,2
DA:1098,2
DA:1099,0
DA:1101,0
DA:1102,0
DA:1103,0
DA:1104,0
DA:1105,0
DA:1106,0
DA:1107,0
DA:1108,0
DA:1109,0
DA:1110,0
DA:1111,0
DA:1112,0
DA:1113,0
DA:1114,0
DA:1115,0
DA:1116,0
DA:1117,0
DA:1118,0
DA:1119,0
DA:1120,0
DA:1121,0
DA:1122,0
DA:1126,0
DA:1128,0
DA:1144,0
DA:1157,0
DA:1169,0
DA:1170,0
DA:1171,0
DA:1172,0
DA:1173,0
DA:1174,0
DA:1175,0
DA:1176,0
DA:1177,0
DA:1178,0
DA:1191,0
DA:1192,0
DA:1193,0
DA:1194,0
DA:1195,0
DA:1196,0
DA:1197,0
DA:1198,0
DA:1199,0
DA:1200,0
DA:1201,0
DA:1202,0
DA:1206,0
DA:1218,0
DA:1219,0
DA:1220,0
DA:1221,0
DA:1222,0
DA:1223,0
DA:1224,0
DA:1225,0
DA:1226,0
DA:1227,0
DA:1228,0
DA:1229,0
DA:1233,0
DA:1235,0
DA:1236,0
DA:1237,0
DA:1239,0
DA:1240,0
DA:1242,0
DA:1243,0
DA:1245,0
DA:1246,0
DA:1248,0
DA:1249,0
DA:1251,0
DA:1252,0
DA:1254,0
DA:1255,0
DA:1257,0
DA:1258,0
DA:1260,0
DA:1261,0
DA:1263,0
DA:1264,0
DA:1266,0
DA:1267,0
DA:1272,0
DA:1274,0
DA:1275,0
DA:1276,0
DA:1277,0
DA:1278,0
DA:1279,0
DA:1280,0
DA:1281,0
DA:1282,0
DA:1283,0
DA:1284,0
DA:1285,0
DA:1286,0
DA:1287,0
DA:1295,3
DA:1298,4
DA:1299,2
DA:1303,4
DA:1304,2
DA:1308,4
DA:1309,2
DA:1313,4
DA:1314,2
DA:1319,4
DA:1320,2
DA:1325,4
DA:1326,2
DA:1331,4
DA:1332,2
DA:1337,4
DA:1338,2
DA:1340,2
DA:1341,2
DA:1342,2
DA:1343,2
DA:1344,2
DA:1345,2
DA:1346,2
DA:1347,2
DA:1348,2
DA:1349,2
DA:1351,2
DA:1352,4
DA:1353,2
DA:1356,0
DA:1359,0
DA:1360,0
DA:1361,0
DA:1362,0
DA:1364,0
DA:1366,0
DA:1367,0
DA:1368,0
DA:1370,0
DA:1372,0
DA:1373,0
DA:1374,0
DA:1376,0
DA:1378,0
DA:1379,0
DA:1380,0
DA:1382,0
DA:1384,0
DA:1385,0
DA:1387,0
DA:1388,0
DA:1390,0
DA:1392,0
DA:1393,0
DA:1395,0
DA:1396,0
DA:1398,0
DA:1400,0
DA:1401,0
DA:1403,0
DA:1404,0
DA:1406,0
DA:1408,0
DA:1409,0
DA:1411,0
DA:1412,0
DA:1414,0
DA:1419,2
DA:1420,2
DA:1421,0
DA:1423,0
DA:1424,0
DA:1425,0
DA:1426,0
DA:1427,0
DA:1428,0
DA:1429,0
DA:1430,0
DA:1431,0
DA:1432,0
DA:1433,0
DA:1434,0
DA:1435,0
DA:1436,0
DA:1437,0
DA:1438,0
DA:1439,0
DA:1440,0
DA:1444,0
DA:1446,0
DA:1460,0
DA:1471,0
DA:1481,0
DA:1482,0
DA:1483,0
DA:1484,0
DA:1485,0
DA:1486,0
DA:1487,0
DA:1488,0
DA:1489,0
DA:1500,0
DA:1501,0
DA:1502,0
DA:1503,0
DA:1504,0
DA:1505,0
DA:1506,0
DA:1507,0
DA:1508,0
DA:1509,0
DA:1513,0
DA:1523,0
DA:1524,0
DA:1525,0
DA:1526,0
DA:1527,0
DA:1528,0
DA:1529,0
DA:1530,0
DA:1531,0
DA:1532,0
DA:1536,0
DA:1538,0
DA:1539,0
DA:1540,0
DA:1542,0
DA:1543,0
DA:1545,0
DA:1546,0
DA:1548,0
DA:1549,0
DA:1551,0
DA:1552,0
DA:1554,0
DA:1555,0
DA:1557,0
DA:1558,0
DA:1560,0
DA:1561,0
DA:1563,0
DA:1564,0
DA:1569,0
DA:1571,0
DA:1572,0
DA:1573,0
DA:1574,0
DA:1575,0
DA:1576,0
DA:1577,0
DA:1578,0
DA:1579,0
DA:1580,0
DA:1581,0
DA:1582,0
DA:1590,3
DA:1593,4
DA:1594,2
DA:1598,4
DA:1599,2
DA:1603,4
DA:1604,2
DA:1608,4
DA:1609,2
DA:1614,4
DA:1615,2
DA:1620,4
DA:1621,2
DA:1626,4
DA:1627,2
DA:1629,2
DA:1631,16
DA:1632,2
DA:1633,4
DA:1634,2
DA:1637,0
DA:1640,0
DA:1641,0
DA:1642,0
DA:1643,0
DA:1645,0
DA:1647,0
DA:1648,0
DA:1649,0
DA:1651,0
DA:1653,0
DA:1654,0
DA:1655,0
DA:1657,0
DA:1659,0
DA:1660,0
DA:1661,0
DA:1663,0
DA:1665,0
DA:1666,0
DA:1668,0
DA:1669,0
DA:1671,0
DA:1673,0
DA:1674,0
DA:1676,0
DA:1677,0
DA:1679,0
DA:1681,0
DA:1682,0
DA:1684,0
DA:1685,0
DA:1687,0
DA:1692,2
DA:1693,2
DA:1694,0
DA:1696,0
DA:1697,0
DA:1698,0
DA:1699,0
DA:1700,0
DA:1701,0
DA:1702,0
DA:1703,0
DA:1704,0
DA:1705,0
DA:1706,0
DA:1707,0
DA:1708,0
DA:1709,0
DA:1710,0
DA:1711,0
DA:1715,0
DA:1717,0
DA:1730,0
DA:1740,0
DA:1749,0
DA:1750,0
DA:1751,0
DA:1752,0
DA:1753,0
DA:1754,0
DA:1755,0
DA:1756,0
DA:1766,0
DA:1767,0
DA:1768,0
DA:1769,0
DA:1770,0
DA:1771,0
DA:1772,0
DA:1773,0
DA:1774,0
DA:1778,0
DA:1787,0
DA:1788,0
DA:1789,0
DA:1790,0
DA:1791,0
DA:1792,0
DA:1793,0
DA:1794,0
DA:1795,0
DA:1799,0
DA:1801,0
DA:1802,0
DA:1803,0
DA:1805,0
DA:1806,0
DA:1808,0
DA:1809,0
DA:1811,0
DA:1812,0
DA:1814,0
DA:1815,0
DA:1817,0
DA:1818,0
DA:1820,0
DA:1821,0
DA:1823,0
DA:1824,0
DA:1829,0
DA:1831,0
DA:1832,0
DA:1833,0
DA:1834,0
DA:1835,0
DA:1836,0
DA:1837,0
DA:1838,0
DA:1839,0
DA:1840,0
DA:1841,0
DA:1846,6
DA:1847,6
DA:1848,6
DA:1849,6
DA:1850,6
DA:1851,6
DA:1852,6
DA:1853,6
DA:1855,6
DA:1857,6
DA:1859,3
DA:1860,3
DA:1861,6
DA:1863,3
DA:1864,3
DA:1865,3
DA:1866,3
DA:1867,3
DA:1868,3
DA:1869,6
DA:1871,6
DA:1873,6
DA:1875,6
DA:1877,6
DA:1879,6
DA:1881,3
DA:1883,6
DA:1884,3
DA:1885,3
DA:1886,3
DA:1887,3
DA:1888,3
DA:1889,3
DA:1890,3
DA:1891,3
DA:1892,3
DA:1893,3
DA:1894,3
DA:1895,3
DA:1896,3
DA:1897,3
DA:1898,3
DA:1899,3
DA:1900,3
DA:1901,3
DA:1902,3
DA:1903,3
DA:1904,3
DA:1905,3
LF:1009
LH:338
end_of_record
SF:lib/repositories/database_repository.dart
DA:28,3
DA:31,3
DA:35,3
DA:39,3
DA:40,0
DA:41,0
DA:42,0
DA:45,0
DA:46,0
DA:47,0
DA:58,3
DA:59,6
DA:64,0
DA:65,0
DA:66,0
DA:67,0
DA:68,0
DA:74,9
DA:76,3
DA:79,2
DA:81,2
DA:82,2
DA:83,2
DA:84,2
DA:86,0
DA:87,0
DA:88,0
DA:93,0
DA:94,0
DA:104,3
DA:106,5
DA:107,2
DA:109,4
DA:112,2
DA:114,0
DA:115,0
DA:119,2
DA:120,2
DA:124,4
DA:127,4
DA:129,6
DA:130,2
LF:42
LH:24
end_of_record
SF:lib/app_logger.dart
DA:10,9
DA:11,3
DA:14,0
DA:16,0
DA:18,0
DA:19,0
DA:21,0
LF:7
LH:2
end_of_record
SF:lib/models/tables/app_user.dart
DA:9,0
DA:10,0
DA:11,0
DA:12,0
DA:13,0
DA:15,0
DA:16,0
DA:29,1
DA:31,1
DA:38,1
DA:40,1
DA:41,2
DA:42,2
DA:43,2
DA:44,2
DA:45,2
DA:46,1
LF:17
LH:10
end_of_record
SF:lib/models/tables/collection.dart
DA:11,0
DA:12,0
DA:13,0
DA:14,0
DA:15,0
DA:16,0
DA:18,0
DA:19,0
DA:20,0
DA:21,0
DA:22,0
DA:23,0
DA:24,0
DA:25,0
DA:26,0
DA:28,0
DA:29,0
DA:52,0
DA:55,0
DA:72,0
DA:74,0
DA:75,0
DA:76,0
DA:77,0
DA:78,0
DA:79,0
DA:80,0
DA:81,0
DA:82,0
DA:83,0
DA:84,0
DA:85,0
DA:86,0
DA:87,0
DA:88,0
DA:89,0
LF:36
LH:0
end_of_record
SF:lib/models/tables/email.dart
DA:12,0
DA:13,0
DA:14,0
DA:15,0
DA:18,0
DA:19,0
DA:20,0
DA:21,0
DA:23,0
DA:25,0
DA:27,0
DA:28,0
DA:48,0
DA:64,0
DA:66,0
LF:15
LH:0
end_of_record
SF:lib/models/tables/file.dart
DA:12,0
DA:13,0
DA:14,0
DA:15,0
DA:16,0
DA:17,0
DA:18,0
DA:19,0
DA:21,0
DA:22,0
DA:43,0
LF:11
LH:0
end_of_record
SF:lib/models/tables/folder.dart
DA:11,0
DA:12,0
DA:13,0
DA:14,0
DA:15,0
DA:16,0
DA:17,0
DA:19,0
DA:20,0
DA:42,0
LF:10
LH:0
end_of_record
